{
  "stats": {
    "suites": 1,
    "tests": 9,
    "passes": 9,
    "pending": 0,
    "failures": 0,
    "start": "2024-10-09T00:08:29.003Z",
    "end": "2024-10-09T00:09:00.158Z",
    "duration": 31155,
    "testsRegistered": 9,
    "passPercent": 100,
    "pendingPercent": 0,
    "other": 0,
    "hasOther": false,
    "skipped": 0,
    "hasSkipped": false
  },
  "results": [
    {
      "uuid": "730934aa-8d99-49b9-a0a5-87e1d2583181",
      "title": "",
      "fullFile": "cypress\\integration\\authspec.js",
      "file": "cypress\\integration\\authspec.js",
      "beforeHooks": [],
      "afterHooks": [],
      "tests": [],
      "suites": [
        {
          "uuid": "08e214ab-8942-4e16-ad5e-db4d0b5d2d89",
          "title": "API Testing for Registration and Login",
          "fullFile": "",
          "file": "",
          "beforeHooks": [],
          "afterHooks": [],
          "tests": [
            {
              "title": "TC01 - Verify user registration with valid details",
              "fullTitle": "API Testing for Registration and Login TC01 - Verify user registration with valid details",
              "timedOut": null,
              "duration": 4535,
              "state": "passed",
              "speed": "fast",
              "pass": true,
              "fail": false,
              "pending": false,
              "context": null,
              "code": "const firstName = 'Jane';\nconst lastName = 'Doe';\nconst email = `jane.doe+${Date.now()}@example.com`; // Unique email\nconst password = 'SecurePassword123!';\n_AuthPage.default.register(firstName, lastName, email, password).then(response => {\n  expect(response.status).to.eq(200); // Assuming 200 is the expected status for a successful registration\n});",
              "err": {},
              "uuid": "53c74281-309f-4f75-a0d6-b408aa85c21a",
              "parentUUID": "08e214ab-8942-4e16-ad5e-db4d0b5d2d89",
              "isHook": false,
              "skipped": false
            },
            {
              "title": "TC02 - Verify user registration with a registered email address",
              "fullTitle": "API Testing for Registration and Login TC02 - Verify user registration with a registered email address",
              "timedOut": null,
              "duration": 3408,
              "state": "passed",
              "speed": "fast",
              "pass": true,
              "fail": false,
              "pending": false,
              "context": null,
              "code": "const firstName = 'Jane';\nconst lastName = 'Doe';\nconst email = \"brenon@duckdocks.org\";\nconst password = 'SecurePassword123!';\n_AuthPage.default.register(firstName, lastName, email, password).then(response => {\n  expect(response.status).to.eq(200);\n  expect(response.body).to.have.property('error');\n  expect(response.body.error).to.have.property('warning', 'Warning: E-Mail Address is already registered!');\n});",
              "err": {},
              "uuid": "22c83896-89f9-4eda-94de-0b12622fa017",
              "parentUUID": "08e214ab-8942-4e16-ad5e-db4d0b5d2d89",
              "isHook": false,
              "skipped": false
            },
            {
              "title": "TC03 - Verify registration with missing email field",
              "fullTitle": "API Testing for Registration and Login TC03 - Verify registration with missing email field",
              "timedOut": null,
              "duration": 3232,
              "state": "passed",
              "speed": "fast",
              "pass": true,
              "fail": false,
              "pending": false,
              "context": null,
              "code": "const firstName = 'Jane';\nconst lastName = 'Doe';\nconst email = \"\";\nconst password = 'SecurePassword123!';\n_AuthPage.default.register(firstName, lastName, email, password).then(response => {\n  expect(response.status).to.eq(200); // 200 is returned even for Bad requests on saucelabs website\n  expect(response.body).to.have.property('error');\n  expect(response.body.error).to.have.property('email', 'E-Mail Address does not appear to be valid!');\n});",
              "err": {},
              "uuid": "23a0c7fd-b51c-4aed-b014-ca53258c867a",
              "parentUUID": "08e214ab-8942-4e16-ad5e-db4d0b5d2d89",
              "isHook": false,
              "skipped": false
            },
            {
              "title": "TC04 - Verify user registration with missing password field",
              "fullTitle": "API Testing for Registration and Login TC04 - Verify user registration with missing password field",
              "timedOut": null,
              "duration": 2692,
              "state": "passed",
              "speed": "fast",
              "pass": true,
              "fail": false,
              "pending": false,
              "context": null,
              "code": "const firstName = 'Jane';\nconst lastName = 'Doe';\nconst email = `jane.doe+${Date.now()}@example.com`;\nconst password = '';\n_AuthPage.default.register(firstName, lastName, email, password).then(response => {\n  expect(response.status).to.eq(200); // 200 is returned even for Bad requests on saucelabs website\n  expect(response.body).to.have.property('error');\n  expect(response.body.error).to.have.property('password', 'Password must be between 4 and 20 characters!');\n});",
              "err": {},
              "uuid": "dd403eef-ce49-48b3-bb93-b9bf5d76eaf7",
              "parentUUID": "08e214ab-8942-4e16-ad5e-db4d0b5d2d89",
              "isHook": false,
              "skipped": false
            },
            {
              "title": "TC05 - Verify user registration with missing policy",
              "fullTitle": "API Testing for Registration and Login TC05 - Verify user registration with missing policy",
              "timedOut": null,
              "duration": 3111,
              "state": "passed",
              "speed": "fast",
              "pass": true,
              "fail": false,
              "pending": false,
              "context": null,
              "code": "const firstName = 'Jane';\nconst lastName = 'Doe';\nconst email = `jane.doe+${Date.now()}@example.com`;\nconst password = 'SecuredPassword';\n_AuthPage.default.register2(firstName, lastName, email, password).then(response => {\n  expect(response.status).to.eq(200); // 200 is returned even for Bad requests on saucelabs website\n  expect(response.body).to.have.property('error');\n  expect(response.body.error).to.have.property(\"warning\", \"Warning: You must agree to the Privacy Policy!\");\n});",
              "err": {},
              "uuid": "463f44e4-853c-44e2-aaba-af18503e15f0",
              "parentUUID": "08e214ab-8942-4e16-ad5e-db4d0b5d2d89",
              "isHook": false,
              "skipped": false
            },
            {
              "title": "TC06 - Verify user login with valid credentials",
              "fullTitle": "API Testing for Registration and Login TC06 - Verify user login with valid credentials",
              "timedOut": null,
              "duration": 3434,
              "state": "passed",
              "speed": "fast",
              "pass": true,
              "fail": false,
              "pending": false,
              "context": null,
              "code": "const email = 'brenon@duckdocks.org';\nconst password = 'Password';\n_AuthPage.default.login(email, password).then(response => {\n  expect(response.status).to.eq(200); // Assert successful login\n});",
              "err": {},
              "uuid": "dc95d614-1b79-4a11-928d-cee71446b665",
              "parentUUID": "08e214ab-8942-4e16-ad5e-db4d0b5d2d89",
              "isHook": false,
              "skipped": false
            },
            {
              "title": "TC07 - Verify unsuccessful login with invalid credentials",
              "fullTitle": "API Testing for Registration and Login TC07 - Verify unsuccessful login with invalid credentials",
              "timedOut": null,
              "duration": 2856,
              "state": "passed",
              "speed": "fast",
              "pass": true,
              "fail": false,
              "pending": false,
              "context": null,
              "code": "const invalidEmail = 'invalid.email@example.com';\nconst invalidPassword = 'WrongPassword';\n_AuthPage.default.login(invalidEmail, invalidPassword).then(response => {\n  expect(response.status).to.eq(200); // Opencart might return 200 even for errors\n  expect(response.body).to.have.property('error');\n  expect(response.body.error).to.have.property('warning', 'Warning: No match for E-Mail Address and/or Password.');\n});",
              "err": {},
              "uuid": "168462ee-2875-49e4-8e82-9d7a9e5fcecb",
              "parentUUID": "08e214ab-8942-4e16-ad5e-db4d0b5d2d89",
              "isHook": false,
              "skipped": false
            },
            {
              "title": "TC08 - Verify unsuccessful login with missing ppassword",
              "fullTitle": "API Testing for Registration and Login TC08 - Verify unsuccessful login with missing ppassword",
              "timedOut": null,
              "duration": 3989,
              "state": "passed",
              "speed": "fast",
              "pass": true,
              "fail": false,
              "pending": false,
              "context": null,
              "code": "const email = `jane.doe+${Date.now()}@example.com`;\nconst password = '';\n_AuthPage.default.login(email, password).then(response => {\n  expect(response.status).to.eq(200); // Opencart might return 200 even for errors\n  expect(response.body).to.have.property('error');\n  expect(response.body.error).to.have.property('warning', 'Warning: No match for E-Mail Address and/or Password.');\n});",
              "err": {},
              "uuid": "3782b63e-c287-4cdf-a764-8909804b498b",
              "parentUUID": "08e214ab-8942-4e16-ad5e-db4d0b5d2d89",
              "isHook": false,
              "skipped": false
            },
            {
              "title": "TC09 - Verify unsuccessful login with missing email address",
              "fullTitle": "API Testing for Registration and Login TC09 - Verify unsuccessful login with missing email address",
              "timedOut": null,
              "duration": 3140,
              "state": "passed",
              "speed": "fast",
              "pass": true,
              "fail": false,
              "pending": false,
              "context": null,
              "code": "const email = ``;\nconst password = 'P1ssw4rd0';\n_AuthPage.default.login(email, password).then(response => {\n  expect(response.status).to.eq(200); // Opencart might return 200 even for errors\n  expect(response.body).to.have.property('error');\n  expect(response.body.error).to.have.property('warning', 'Warning: No match for E-Mail Address and/or Password.');\n});",
              "err": {},
              "uuid": "c9d5cf93-4a46-45d2-99c5-288303048c1c",
              "parentUUID": "08e214ab-8942-4e16-ad5e-db4d0b5d2d89",
              "isHook": false,
              "skipped": false
            }
          ],
          "suites": [],
          "passes": [
            "53c74281-309f-4f75-a0d6-b408aa85c21a",
            "22c83896-89f9-4eda-94de-0b12622fa017",
            "23a0c7fd-b51c-4aed-b014-ca53258c867a",
            "dd403eef-ce49-48b3-bb93-b9bf5d76eaf7",
            "463f44e4-853c-44e2-aaba-af18503e15f0",
            "dc95d614-1b79-4a11-928d-cee71446b665",
            "168462ee-2875-49e4-8e82-9d7a9e5fcecb",
            "3782b63e-c287-4cdf-a764-8909804b498b",
            "c9d5cf93-4a46-45d2-99c5-288303048c1c"
          ],
          "failures": [],
          "pending": [],
          "skipped": [],
          "duration": 30397,
          "root": false,
          "rootEmpty": false,
          "_timeout": 2000
        }
      ],
      "passes": [],
      "failures": [],
      "pending": [],
      "skipped": [],
      "duration": 0,
      "root": true,
      "rootEmpty": true,
      "_timeout": 2000
    }
  ],
  "meta": {
    "mocha": {
      "version": "7.0.1"
    },
    "mochawesome": {
      "options": {
        "quiet": false,
        "reportFilename": "mochawesome",
        "saveHtml": true,
        "saveJson": true,
        "consoleReporter": "spec",
        "useInlineDiffs": false,
        "code": true
      },
      "version": "7.1.3"
    },
    "marge": {
      "options": {
        "reportDir": "cypress/reports/mochawesome",
        "overwrite": false,
        "html": true,
        "json": true
      },
      "version": "6.2.0"
    }
  }
}